<?xml version="1.0" encoding="UTF-8"?>
<!-- Generated by org.testng.reporters.JUnitReportReporter -->
<testsuite hostname="IN-7VWVN13" failures="0" tests="1" name="runner.Runner$RegisterPageRunner" time="32.059" errors="0" timestamp="2023-02-04T12:51:55 IST" skipped="0">
  <testcase classname="runner.Runner$RegisterPageRunner" name="runScenario" time="32.059"/>
  <system-out/>
</testsuite> <!-- runner.Runner$RegisterPageRunner -->
